#
# There is insufficient memory for the Java Runtime Environment to continue.
# Native memory allocation (malloc) failed to allocate 992816 bytes for Chunk::new
# Possible reasons:
#   The system is out of physical RAM or swap space
#   The process is running with CompressedOops enabled, and the Java Heap may be blocking the growth of the native heap
# Possible solutions:
#   Reduce memory load on the system
#   Increase physical memory or swap space
#   Check if swap backing store is full
#   Decrease Java heap size (-Xmx/-Xms)
#   Decrease number of Java threads
#   Decrease Java thread stack sizes (-Xss)
#   Set larger code cache with -XX:ReservedCodeCacheSize=
#   JVM is running with Unscaled Compressed Oops mode in which the Java heap is
#     placed in the first 4GB address space. The Java Heap base address is the
#     maximum limit for the native heap growth. Please use -XX:HeapBaseMinAddress
#     to set the Java Heap base and to place the Java Heap above 4GB virtual address.
# This output file may be truncated or incomplete.
#
#  Out of Memory Error (t:/workspace/open/src/hotspot/share/memory/arena.cpp:197), pid=12032, tid=18520
#
# JRE version: OpenJDK Runtime Environment (11.0.2+9) (build 11.0.2+9)
# Java VM: OpenJDK 64-Bit Server VM (11.0.2+9, mixed mode, tiered, compressed oops, g1 gc, windows-amd64)
# No core dump will be written. Minidumps are not enabled by default on client versions of Windows
#

---------------  S U M M A R Y ------------

Command Line: org.jetbrains.kotlin.cli.jvm.K2JVMCompiler @E:\DEV\BEONE\logicRdv_reactnative\node_modules\@react-native\gradle-plugin\build\20240211_11969614663680026180.compiler.options

Host: Intel(R) Core(TM) i5-5300U CPU @ 2.30GHz, 4 cores, 7G,  Windows 10 , 64 bit Build 19041 (10.0.19041.3636)
Time: Sun Feb 11 08:28:24 2024 W. Central Africa Standard Time elapsed time: 16 seconds (0d 0h 0m 16s)

---------------  T H R E A D  ---------------

Current thread (0x0000029b63b78800):  JavaThread "C2 CompilerThread0" daemon [_thread_in_native, id=18520, stack(0x000000a665600000,0x000000a665700000)]


Current CompileTask:
C2:  16270 7063       4       org.jetbrains.kotlin.types.AbstractStrictEqualityTypeChecker::strictEqualTypes (26 bytes)

Stack: [0x000000a665600000,0x000000a665700000]
Native frames: (J=compiled Java code, j=interpreted, Vv=VM code, C=native code)
V  [jvm.dll+0x63489a]
V  [jvm.dll+0x771f9f]
V  [jvm.dll+0x773648]
V  [jvm.dll+0x773d03]
V  [jvm.dll+0x25eba8]
V  [jvm.dll+0xc2191]
V  [jvm.dll+0xc271c]
V  [jvm.dll+0x36cc02]
V  [jvm.dll+0x1a97d1]
V  [jvm.dll+0x218ad2]
V  [jvm.dll+0x217b6a]
V  [jvm.dll+0x194370]
V  [jvm.dll+0x226b3f]
V  [jvm.dll+0x225148]
V  [jvm.dll+0x73774d]
V  [jvm.dll+0x633942]
C  [ucrtbase.dll+0x21bb2]
C  [KERNEL32.DLL+0x17344]
C  [ntdll.dll+0x526b1]


---------------  P R O C E S S  ---------------

Threads class SMR info:
_java_thread_list=0x0000029b666af560, length=11, elements={
0x0000029b45223800, 0x0000029b63b34800, 0x0000029b63b5e000, 0x0000029b63b73800,
0x0000029b63b74800, 0x0000029b63b78800, 0x0000029b63b7f800, 0x0000029b63b82000,
0x0000029b6463c800, 0x0000029b64633000, 0x0000029b710ff800
}

Java Threads: ( => current thread )
  0x0000029b45223800 JavaThread "main" [_thread_in_native_trans, id=15740, stack(0x000000a664b00000,0x000000a664c00000)]
  0x0000029b63b34800 JavaThread "Reference Handler" daemon [_thread_blocked, id=19200, stack(0x000000a665200000,0x000000a665300000)]
  0x0000029b63b5e000 JavaThread "Finalizer" daemon [_thread_blocked, id=14504, stack(0x000000a665300000,0x000000a665400000)]
  0x0000029b63b73800 JavaThread "Signal Dispatcher" daemon [_thread_blocked, id=4280, stack(0x000000a665400000,0x000000a665500000)]
  0x0000029b63b74800 JavaThread "Attach Listener" daemon [_thread_blocked, id=1068, stack(0x000000a665500000,0x000000a665600000)]
=>0x0000029b63b78800 JavaThread "C2 CompilerThread0" daemon [_thread_in_native, id=18520, stack(0x000000a665600000,0x000000a665700000)]
  0x0000029b63b7f800 JavaThread "C1 CompilerThread0" daemon [_thread_blocked, id=24108, stack(0x000000a665700000,0x000000a665800000)]
  0x0000029b63b82000 JavaThread "Sweeper thread" daemon [_thread_blocked, id=15780, stack(0x000000a665800000,0x000000a665900000)]
  0x0000029b6463c800 JavaThread "Service Thread" daemon [_thread_blocked, id=17220, stack(0x000000a665900000,0x000000a665a00000)]
  0x0000029b64633000 JavaThread "Common-Cleaner" daemon [_thread_blocked, id=13912, stack(0x000000a665b00000,0x000000a665c00000)]
  0x0000029b710ff800 JavaThread "C2 CompilerThread1" daemon [_thread_in_native, id=18864, stack(0x000000a666100000,0x000000a666200000)]

Other Threads:
  0x0000029b63b31800 VMThread "VM Thread" [stack: 0x000000a665100000,0x000000a665200000] [id=16800]
  0x0000029b6462b000 WatcherThread [stack: 0x000000a665a00000,0x000000a665b00000] [id=5848]
  0x0000029b45238800 GCTaskThread "GC Thread#0" [stack: 0x000000a664c00000,0x000000a664d00000] [id=8272]
  0x0000029b64a4a800 GCTaskThread "GC Thread#1" [stack: 0x000000a665c00000,0x000000a665d00000] [id=20096]
  0x0000029b64f9e800 GCTaskThread "GC Thread#2" [stack: 0x000000a665d00000,0x000000a665e00000] [id=20356]
  0x0000029b65fab000 GCTaskThread "GC Thread#3" [stack: 0x000000a666200000,0x000000a666300000] [id=6108]
  0x0000029b45267000 ConcurrentGCThread "G1 Main Marker" [stack: 0x000000a664d00000,0x000000a664e00000] [id=8960]
  0x0000029b45269800 ConcurrentGCThread "G1 Conc#0" [stack: 0x000000a664e00000,0x000000a664f00000] [id=22804]
  0x0000029b452ea800 ConcurrentGCThread "G1 Refine#0" [stack: 0x000000a664f00000,0x000000a665000000] [id=1280]
  0x0000029b70c81800 ConcurrentGCThread "G1 Refine#1" [stack: 0x000000a665e00000,0x000000a665f00000] [id=10900]
  0x0000029b7123c000 ConcurrentGCThread "G1 Refine#2" [stack: 0x000000a665f00000,0x000000a666000000] [id=6432]
  0x0000029b65bad000 ConcurrentGCThread "G1 Refine#3" [stack: 0x000000a666000000,0x000000a666100000] [id=21232]
  0x0000029b452eb800 ConcurrentGCThread "G1 Young RemSet Sampling" [stack: 0x000000a665000000,0x000000a665100000] [id=20084]

Threads with active compile tasks:
C2 CompilerThread07063       4       org.jetbrains.kotlin.types.AbstractStrictEqualityTypeChecker::strictEqualTypes (26 bytes)
C2 CompilerThread17000       4       org.jetbrains.kotlin.types.AbstractStrictEqualityTypeChecker::strictEqualTypesInternal (129 bytes)

VM state:not at safepoint (normal execution)

VM Mutex/Monitor currently owned by a thread: None

Heap address: 0x0000000084c00000, size: 1972 MB, Compressed Oops mode: 32-bit
Narrow klass base: 0x0000000000000000, Narrow klass shift: 3
Compressed class space size: 1073741824 Address: 0x0000000100000000

Heap:
 garbage-first heap   total 200704K, used 83331K [0x0000000084c00000, 0x0000000100000000)
  region size 1024K, 14 young (14336K), 2 survivors (2048K)
 Metaspace       used 61024K, capacity 61837K, committed 62172K, reserved 1103872K
  class space    used 6909K, capacity 7221K, committed 7292K, reserved 1048576K
Heap Regions: E=young(eden), S=young(survivor), O=old, HS=humongous(starts), HC=humongous(continues), CS=collection set, F=free, A=archive, TAMS=top-at-mark-start (previous, next)
|   0|0x0000000084c00000, 0x0000000084d00000, 0x0000000084d00000|100%|HS|  |TAMS 0x0000000084d00000, 0x0000000084c00000| Complete 
|   1|0x0000000084d00000, 0x0000000084e00000, 0x0000000084e00000|100%|HC|  |TAMS 0x0000000084e00000, 0x0000000084d00000| Complete 
|   2|0x0000000084e00000, 0x0000000084f00000, 0x0000000084f00000|100%|HC|  |TAMS 0x0000000084f00000, 0x0000000084e00000| Complete 
|   3|0x0000000084f00000, 0x0000000085000000, 0x0000000085000000|100%|HC|  |TAMS 0x0000000085000000, 0x0000000084f00000| Complete 
|   4|0x0000000085000000, 0x0000000085100000, 0x0000000085100000|100%|HS|  |TAMS 0x0000000085100000, 0x0000000085000000| Complete 
|   5|0x0000000085100000, 0x0000000085200000, 0x0000000085200000|100%| O|  |TAMS 0x0000000085200000, 0x0000000085100000| Untracked 
|   6|0x0000000085200000, 0x0000000085300000, 0x0000000085300000|100%|HS|  |TAMS 0x0000000085300000, 0x0000000085200000| Complete 
|   7|0x0000000085300000, 0x0000000085400000, 0x0000000085400000|100%|HC|  |TAMS 0x0000000085400000, 0x0000000085300000| Complete 
|   8|0x0000000085400000, 0x0000000085500000, 0x0000000085500000|100%|HC|  |TAMS 0x0000000085500000, 0x0000000085400000| Complete 
|   9|0x0000000085500000, 0x0000000085600000, 0x0000000085600000|100%|HC|  |TAMS 0x0000000085600000, 0x0000000085500000| Complete 
|  10|0x0000000085600000, 0x0000000085700000, 0x0000000085700000|100%|HS|  |TAMS 0x0000000085700000, 0x0000000085600000| Complete 
|  11|0x0000000085700000, 0x0000000085800000, 0x0000000085800000|100%| O|  |TAMS 0x0000000085800000, 0x0000000085700000| Untracked 
|  12|0x0000000085800000, 0x0000000085900000, 0x0000000085900000|100%| O|  |TAMS 0x0000000085900000, 0x0000000085800000| Untracked 
|  13|0x0000000085900000, 0x0000000085a00000, 0x0000000085a00000|100%| O|  |TAMS 0x0000000085a00000, 0x0000000085900000| Untracked 
|  14|0x0000000085a00000, 0x0000000085b00000, 0x0000000085b00000|100%| O|  |TAMS 0x0000000085b00000, 0x0000000085a00000| Untracked 
|  15|0x0000000085b00000, 0x0000000085c00000, 0x0000000085c00000|100%|HS|  |TAMS 0x0000000085c00000, 0x0000000085b00000| Complete 
|  16|0x0000000085c00000, 0x0000000085d00000, 0x0000000085d00000|100%| O|  |TAMS 0x0000000085d00000, 0x0000000085c00000| Untracked 
|  17|0x0000000085d00000, 0x0000000085e00000, 0x0000000085e00000|100%| O|  |TAMS 0x0000000085e00000, 0x0000000085d00000| Untracked 
|  18|0x0000000085e00000, 0x0000000085f00000, 0x0000000085f00000|100%| O|  |TAMS 0x0000000085f00000, 0x0000000085e00000| Untracked 
|  19|0x0000000085f00000, 0x0000000086000000, 0x0000000086000000|100%| O|  |TAMS 0x0000000086000000, 0x0000000085f00000| Untracked 
|  20|0x0000000086000000, 0x0000000086100000, 0x0000000086100000|100%| O|  |TAMS 0x0000000086100000, 0x0000000086000000| Untracked 
|  21|0x0000000086100000, 0x0000000086200000, 0x0000000086200000|100%| O|  |TAMS 0x0000000086200000, 0x0000000086100000| Untracked 
|  22|0x0000000086200000, 0x0000000086300000, 0x0000000086300000|100%| O|  |TAMS 0x0000000086300000, 0x0000000086200000| Untracked 
|  23|0x0000000086300000, 0x0000000086400000, 0x0000000086400000|100%| O|  |TAMS 0x0000000086400000, 0x0000000086300000| Untracked 
|  24|0x0000000086400000, 0x0000000086500000, 0x0000000086500000|100%| O|  |TAMS 0x0000000086500000, 0x0000000086400000| Untracked 
|  25|0x0000000086500000, 0x0000000086600000, 0x0000000086600000|100%| O|  |TAMS 0x0000000086600000, 0x0000000086500000| Untracked 
|  26|0x0000000086600000, 0x0000000086700000, 0x0000000086700000|100%|HS|  |TAMS 0x0000000086700000, 0x0000000086600000| Complete 
|  27|0x0000000086700000, 0x0000000086800000, 0x0000000086800000|100%|HC|  |TAMS 0x0000000086800000, 0x0000000086700000| Complete 
|  28|0x0000000086800000, 0x0000000086900000, 0x0000000086900000|100%| O|  |TAMS 0x0000000086900000, 0x0000000086800000| Untracked 
|  29|0x0000000086900000, 0x0000000086a00000, 0x0000000086a00000|100%| O|  |TAMS 0x0000000086a00000, 0x0000000086900000| Untracked 
|  30|0x0000000086a00000, 0x0000000086b00000, 0x0000000086b00000|100%| O|  |TAMS 0x0000000086b00000, 0x0000000086a00000| Untracked 
|  31|0x0000000086b00000, 0x0000000086c00000, 0x0000000086c00000|100%| O|  |TAMS 0x0000000086c00000, 0x0000000086b00000| Untracked 
|  32|0x0000000086c00000, 0x0000000086d00000, 0x0000000086d00000|100%| O|  |TAMS 0x0000000086d00000, 0x0000000086c00000| Untracked 
|  33|0x0000000086d00000, 0x0000000086e00000, 0x0000000086e00000|100%| O|  |TAMS 0x0000000086e00000, 0x0000000086d00000| Untracked 
|  34|0x0000000086e00000, 0x0000000086f00000, 0x0000000086f00000|100%| O|  |TAMS 0x0000000086f00000, 0x0000000086e00000| Untracked 
|  35|0x0000000086f00000, 0x0000000087000000, 0x0000000087000000|100%| O|  |TAMS 0x0000000087000000, 0x0000000086f00000| Untracked 
|  36|0x0000000087000000, 0x0000000087100000, 0x0000000087100000|100%| O|  |TAMS 0x0000000087100000, 0x0000000087000000| Untracked 
|  37|0x0000000087100000, 0x0000000087200000, 0x0000000087200000|100%| O|  |TAMS 0x0000000087200000, 0x0000000087100000| Untracked 
|  38|0x0000000087200000, 0x0000000087300000, 0x0000000087300000|100%|HS|  |TAMS 0x0000000087300000, 0x0000000087200000| Complete 
|  39|0x0000000087300000, 0x0000000087400000, 0x0000000087400000|100%|HC|  |TAMS 0x0000000087400000, 0x0000000087300000| Complete 
|  40|0x0000000087400000, 0x0000000087500000, 0x0000000087500000|100%|HC|  |TAMS 0x0000000087500000, 0x0000000087400000| Complete 
|  41|0x0000000087500000, 0x0000000087600000, 0x0000000087600000|100%|HC|  |TAMS 0x0000000087600000, 0x0000000087500000| Complete 
|  42|0x0000000087600000, 0x0000000087700000, 0x0000000087700000|100%|HC|  |TAMS 0x0000000087700000, 0x0000000087600000| Complete 
|  43|0x0000000087700000, 0x0000000087800000, 0x0000000087800000|100%|HC|  |TAMS 0x0000000087800000, 0x0000000087700000| Complete 
|  44|0x0000000087800000, 0x0000000087900000, 0x0000000087900000|100%| O|  |TAMS 0x0000000087900000, 0x0000000087800000| Untracked 
|  45|0x0000000087900000, 0x0000000087a00000, 0x0000000087a00000|100%| O|  |TAMS 0x0000000087a00000, 0x0000000087900000| Untracked 
|  46|0x0000000087a00000, 0x0000000087b00000, 0x0000000087b00000|100%| O|  |TAMS 0x0000000087b00000, 0x0000000087a00000| Untracked 
|  47|0x0000000087b00000, 0x0000000087c00000, 0x0000000087c00000|100%| O|  |TAMS 0x0000000087c00000, 0x0000000087b00000| Untracked 
|  48|0x0000000087c00000, 0x0000000087d00000, 0x0000000087d00000|100%| O|  |TAMS 0x0000000087d00000, 0x0000000087c00000| Untracked 
|  49|0x0000000087d00000, 0x0000000087e00000, 0x0000000087e00000|100%| O|  |TAMS 0x0000000087e00000, 0x0000000087d00000| Untracked 
|  50|0x0000000087e00000, 0x0000000087f00000, 0x0000000087f00000|100%| O|  |TAMS 0x0000000087f00000, 0x0000000087e00000| Untracked 
|  51|0x0000000087f00000, 0x0000000088000000, 0x0000000088000000|100%| O|  |TAMS 0x0000000088000000, 0x0000000087f00000| Untracked 
|  52|0x0000000088000000, 0x0000000088100000, 0x0000000088100000|100%| O|  |TAMS 0x0000000088100000, 0x0000000088000000| Untracked 
|  53|0x0000000088100000, 0x0000000088200000, 0x0000000088200000|100%| O|  |TAMS 0x0000000088200000, 0x0000000088100000| Untracked 
|  54|0x0000000088200000, 0x0000000088300000, 0x0000000088300000|100%| O|  |TAMS 0x0000000088300000, 0x0000000088200000| Untracked 
|  55|0x0000000088300000, 0x0000000088400000, 0x0000000088400000|100%| O|  |TAMS 0x0000000088400000, 0x0000000088300000| Untracked 
|  56|0x0000000088400000, 0x0000000088500000, 0x0000000088500000|100%| O|  |TAMS 0x0000000088500000, 0x0000000088400000| Untracked 
|  57|0x0000000088500000, 0x0000000088600000, 0x0000000088600000|100%| O|  |TAMS 0x0000000088600000, 0x0000000088500000| Untracked 
|  58|0x0000000088600000, 0x0000000088700000, 0x0000000088700000|100%| O|  |TAMS 0x0000000088700000, 0x0000000088600000| Untracked 
|  59|0x0000000088700000, 0x0000000088800000, 0x0000000088800000|100%| O|  |TAMS 0x0000000088800000, 0x0000000088700000| Untracked 
|  60|0x0000000088800000, 0x0000000088900000, 0x0000000088900000|100%| O|  |TAMS 0x0000000088900000, 0x0000000088800000| Untracked 
|  61|0x0000000088900000, 0x0000000088a00000, 0x0000000088a00000|100%| O|  |TAMS 0x0000000088a00000, 0x0000000088900000| Untracked 
|  62|0x0000000088a00000, 0x0000000088b00000, 0x0000000088b00000|100%| O|  |TAMS 0x0000000088b00000, 0x0000000088a00000| Untracked 
|  63|0x0000000088b00000, 0x0000000088c00000, 0x0000000088c00000|100%| O|  |TAMS 0x0000000088c00000, 0x0000000088b00000| Untracked 
|  64|0x0000000088c00000, 0x0000000088d00000, 0x0000000088d00000|100%| O|  |TAMS 0x0000000088d00000, 0x0000000088c00000| Untracked 
|  65|0x0000000088d00000, 0x0000000088e00000, 0x0000000088e00000|100%| O|  |TAMS 0x0000000088e00000, 0x0000000088d00000| Untracked 
|  66|0x0000000088e00000, 0x0000000088f00000, 0x0000000088f00000|100%| O|  |TAMS 0x0000000088f00000, 0x0000000088e00000| Untracked 
|  67|0x0000000088f00000, 0x0000000089000000, 0x0000000089000000|100%| O|  |TAMS 0x0000000089000000, 0x0000000088f00000| Untracked 
|  68|0x0000000089000000, 0x0000000089100000, 0x0000000089100000|100%| O|  |TAMS 0x0000000089100000, 0x0000000089000000| Untracked 
|  69|0x0000000089100000, 0x0000000089124a00, 0x0000000089200000| 14%| O|  |TAMS 0x0000000089124a00, 0x0000000089100000| Untracked 
|  70|0x0000000089200000, 0x0000000089200000, 0x0000000089300000|  0%| F|  |TAMS 0x0000000089200000, 0x0000000089200000| Untracked 
|  71|0x0000000089300000, 0x0000000089300000, 0x0000000089400000|  0%| F|  |TAMS 0x0000000089300000, 0x0000000089300000| Untracked 
|  72|0x0000000089400000, 0x0000000089400000, 0x0000000089500000|  0%| F|  |TAMS 0x0000000089400000, 0x0000000089400000| Untracked 
|  73|0x0000000089500000, 0x0000000089500000, 0x0000000089600000|  0%| F|  |TAMS 0x0000000089500000, 0x0000000089500000| Untracked 
|  74|0x0000000089600000, 0x0000000089600000, 0x0000000089700000|  0%| F|  |TAMS 0x0000000089600000, 0x0000000089600000| Untracked 
|  75|0x0000000089700000, 0x0000000089700000, 0x0000000089800000|  0%| F|  |TAMS 0x0000000089700000, 0x0000000089700000| Untracked 
|  76|0x0000000089800000, 0x0000000089800000, 0x0000000089900000|  0%| F|  |TAMS 0x0000000089800000, 0x0000000089800000| Untracked 
|  77|0x0000000089900000, 0x0000000089900000, 0x0000000089a00000|  0%| F|  |TAMS 0x0000000089900000, 0x0000000089900000| Untracked 
|  78|0x0000000089a00000, 0x0000000089a00000, 0x0000000089b00000|  0%| F|  |TAMS 0x0000000089a00000, 0x0000000089a00000| Untracked 
|  79|0x0000000089b00000, 0x0000000089b00000, 0x0000000089c00000|  0%| F|  |TAMS 0x0000000089b00000, 0x0000000089b00000| Untracked 
|  80|0x0000000089c00000, 0x0000000089c00000, 0x0000000089d00000|  0%| F|  |TAMS 0x0000000089c00000, 0x0000000089c00000| Untracked 
|  81|0x0000000089d00000, 0x0000000089d00000, 0x0000000089e00000|  0%| F|  |TAMS 0x0000000089d00000, 0x0000000089d00000| Untracked 
|  82|0x0000000089e00000, 0x0000000089e00000, 0x0000000089f00000|  0%| F|  |TAMS 0x0000000089e00000, 0x0000000089e00000| Untracked 
|  83|0x0000000089f00000, 0x0000000089f00000, 0x000000008a000000|  0%| F|  |TAMS 0x0000000089f00000, 0x0000000089f00000| Untracked 
|  84|0x000000008a000000, 0x000000008a000000, 0x000000008a100000|  0%| F|  |TAMS 0x000000008a000000, 0x000000008a000000| Untracked 
|  85|0x000000008a100000, 0x000000008a100000, 0x000000008a200000|  0%| F|  |TAMS 0x000000008a100000, 0x000000008a100000| Untracked 
|  86|0x000000008a200000, 0x000000008a200000, 0x000000008a300000|  0%| F|  |TAMS 0x000000008a200000, 0x000000008a200000| Untracked 
|  87|0x000000008a300000, 0x000000008a300000, 0x000000008a400000|  0%| F|  |TAMS 0x000000008a300000, 0x000000008a300000| Untracked 
|  88|0x000000008a400000, 0x000000008a400000, 0x000000008a500000|  0%| F|  |TAMS 0x000000008a400000, 0x000000008a400000| Untracked 
|  89|0x000000008a500000, 0x000000008a500000, 0x000000008a600000|  0%| F|  |TAMS 0x000000008a500000, 0x000000008a500000| Untracked 
|  90|0x000000008a600000, 0x000000008a600000, 0x000000008a700000|  0%| F|  |TAMS 0x000000008a600000, 0x000000008a600000| Untracked 
|  91|0x000000008a700000, 0x000000008a700000, 0x000000008a800000|  0%| F|  |TAMS 0x000000008a700000, 0x000000008a700000| Untracked 
|  92|0x000000008a800000, 0x000000008a800000, 0x000000008a900000|  0%| F|  |TAMS 0x000000008a800000, 0x000000008a800000| Untracked 
|  93|0x000000008a900000, 0x000000008a900000, 0x000000008aa00000|  0%| F|  |TAMS 0x000000008a900000, 0x000000008a900000| Untracked 
|  94|0x000000008aa00000, 0x000000008aa00000, 0x000000008ab00000|  0%| F|  |TAMS 0x000000008aa00000, 0x000000008aa00000| Untracked 
|  95|0x000000008ab00000, 0x000000008ab00000, 0x000000008ac00000|  0%| F|  |TAMS 0x000000008ab00000, 0x000000008ab00000| Untracked 
|  96|0x000000008ac00000, 0x000000008ac00000, 0x000000008ad00000|  0%| F|  |TAMS 0x000000008ac00000, 0x000000008ac00000| Untracked 
|  97|0x000000008ad00000, 0x000000008ad00000, 0x000000008ae00000|  0%| F|  |TAMS 0x000000008ad00000, 0x000000008ad00000| Untracked 
|  98|0x000000008ae00000, 0x000000008ae00000, 0x000000008af00000|  0%| F|  |TAMS 0x000000008ae00000, 0x000000008ae00000| Untracked 
|  99|0x000000008af00000, 0x000000008af00000, 0x000000008b000000|  0%| F|  |TAMS 0x000000008af00000, 0x000000008af00000| Untracked 
| 100|0x000000008b000000, 0x000000008b000000, 0x000000008b100000|  0%| F|  |TAMS 0x000000008b000000, 0x000000008b000000| Untracked 
| 101|0x000000008b100000, 0x000000008b100000, 0x000000008b200000|  0%| F|  |TAMS 0x000000008b100000, 0x000000008b100000| Untracked 
| 102|0x000000008b200000, 0x000000008b200000, 0x000000008b300000|  0%| F|  |TAMS 0x000000008b200000, 0x000000008b200000| Untracked 
| 103|0x000000008b300000, 0x000000008b300000, 0x000000008b400000|  0%| F|  |TAMS 0x000000008b300000, 0x000000008b300000| Untracked 
| 104|0x000000008b400000, 0x000000008b400000, 0x000000008b500000|  0%| F|  |TAMS 0x000000008b400000, 0x000000008b400000| Untracked 
| 105|0x000000008b500000, 0x000000008b500000, 0x000000008b600000|  0%| F|  |TAMS 0x000000008b500000, 0x000000008b500000| Untracked 
| 106|0x000000008b600000, 0x000000008b600000, 0x000000008b700000|  0%| F|  |TAMS 0x000000008b600000, 0x000000008b600000| Untracked 
| 107|0x000000008b700000, 0x000000008b700000, 0x000000008b800000|  0%| F|  |TAMS 0x000000008b700000, 0x000000008b700000| Untracked 
| 108|0x000000008b800000, 0x000000008b800000, 0x000000008b900000|  0%| F|  |TAMS 0x000000008b800000, 0x000000008b800000| Untracked 
| 109|0x000000008b900000, 0x000000008b900000, 0x000000008ba00000|  0%| F|  |TAMS 0x000000008b900000, 0x000000008b900000| Untracked 
| 110|0x000000008ba00000, 0x000000008ba00000, 0x000000008bb00000|  0%| F|  |TAMS 0x000000008ba00000, 0x000000008ba00000| Untracked 
| 111|0x000000008bb00000, 0x000000008bb00000, 0x000000008bc00000|  0%| F|  |TAMS 0x000000008bb00000, 0x000000008bb00000| Untracked 
| 112|0x000000008bc00000, 0x000000008bc00000, 0x000000008bd00000|  0%| F|  |TAMS 0x000000008bc00000, 0x000000008bc00000| Untracked 
| 113|0x000000008bd00000, 0x000000008bd00000, 0x000000008be00000|  0%| F|  |TAMS 0x000000008bd00000, 0x000000008bd00000| Untracked 
| 114|0x000000008be00000, 0x000000008be00000, 0x000000008bf00000|  0%| F|  |TAMS 0x000000008be00000, 0x000000008be00000| Untracked 
| 115|0x000000008bf00000, 0x000000008bf00000, 0x000000008c000000|  0%| F|  |TAMS 0x000000008bf00000, 0x000000008bf00000| Untracked 
| 116|0x000000008c000000, 0x000000008c000000, 0x000000008c100000|  0%| F|  |TAMS 0x000000008c000000, 0x000000008c000000| Untracked 
| 117|0x000000008c100000, 0x000000008c100000, 0x000000008c200000|  0%| F|  |TAMS 0x000000008c100000, 0x000000008c100000| Untracked 
| 118|0x000000008c200000, 0x000000008c200000, 0x000000008c300000|  0%| F|  |TAMS 0x000000008c200000, 0x000000008c200000| Untracked 
| 119|0x000000008c300000, 0x000000008c300000, 0x000000008c400000|  0%| F|  |TAMS 0x000000008c300000, 0x000000008c300000| Untracked 
| 120|0x000000008c400000, 0x000000008c400000, 0x000000008c500000|  0%| F|  |TAMS 0x000000008c400000, 0x000000008c400000| Untracked 
| 121|0x000000008c500000, 0x000000008c500000, 0x000000008c600000|  0%| F|  |TAMS 0x000000008c500000, 0x000000008c500000| Untracked 
| 122|0x000000008c600000, 0x000000008c600000, 0x000000008c700000|  0%| F|  |TAMS 0x000000008c600000, 0x000000008c600000| Untracked 
| 123|0x000000008c700000, 0x000000008c700000, 0x000000008c800000|  0%| F|  |TAMS 0x000000008c700000, 0x000000008c700000| Untracked 
| 124|0x000000008c800000, 0x000000008c800000, 0x000000008c900000|  0%| F|  |TAMS 0x000000008c800000, 0x000000008c800000| Untracked 
| 125|0x000000008c900000, 0x000000008c900000, 0x000000008ca00000|  0%| F|  |TAMS 0x000000008c900000, 0x000000008c900000| Untracked 
| 126|0x000000008ca00000, 0x000000008ca00000, 0x000000008cb00000|  0%| F|  |TAMS 0x000000008ca00000, 0x000000008ca00000| Untracked 
| 127|0x000000008cb00000, 0x000000008cb00000, 0x000000008cc00000|  0%| F|  |TAMS 0x000000008cb00000, 0x000000008cb00000| Untracked 
| 128|0x000000008cc00000, 0x000000008cc00000, 0x000000008cd00000|  0%| F|  |TAMS 0x000000008cc00000, 0x000000008cc00000| Untracked 
| 129|0x000000008cd00000, 0x000000008cd00000, 0x000000008ce00000|  0%| F|  |TAMS 0x000000008cd00000, 0x000000008cd00000| Untracked 
| 130|0x000000008ce00000, 0x000000008ce00000, 0x000000008cf00000|  0%| F|  |TAMS 0x000000008ce00000, 0x000000008ce00000| Untracked 
| 131|0x000000008cf00000, 0x000000008cf00000, 0x000000008d000000|  0%| F|  |TAMS 0x000000008cf00000, 0x000000008cf00000| Untracked 
| 132|0x000000008d000000, 0x000000008d000000, 0x000000008d100000|  0%| F|  |TAMS 0x000000008d000000, 0x000000008d000000| Untracked 
| 133|0x000000008d100000, 0x000000008d100000, 0x000000008d200000|  0%| F|  |TAMS 0x000000008d100000, 0x000000008d100000| Untracked 
| 134|0x000000008d200000, 0x000000008d200000, 0x000000008d300000|  0%| F|  |TAMS 0x000000008d200000, 0x000000008d200000| Untracked 
| 135|0x000000008d300000, 0x000000008d300000, 0x000000008d400000|  0%| F|  |TAMS 0x000000008d300000, 0x000000008d300000| Untracked 
| 136|0x000000008d400000, 0x000000008d400000, 0x000000008d500000|  0%| F|  |TAMS 0x000000008d400000, 0x000000008d400000| Untracked 
| 137|0x000000008d500000, 0x000000008d500000, 0x000000008d600000|  0%| F|  |TAMS 0x000000008d500000, 0x000000008d500000| Untracked 
| 138|0x000000008d600000, 0x000000008d600000, 0x000000008d700000|  0%| F|  |TAMS 0x000000008d600000, 0x000000008d600000| Untracked 
| 139|0x000000008d700000, 0x000000008d700000, 0x000000008d800000|  0%| F|  |TAMS 0x000000008d700000, 0x000000008d700000| Untracked 
| 140|0x000000008d800000, 0x000000008d800000, 0x000000008d900000|  0%| F|  |TAMS 0x000000008d800000, 0x000000008d800000| Untracked 
| 141|0x000000008d900000, 0x000000008d900000, 0x000000008da00000|  0%| F|  |TAMS 0x000000008d900000, 0x000000008d900000| Untracked 
| 142|0x000000008da00000, 0x000000008da00000, 0x000000008db00000|  0%| F|  |TAMS 0x000000008da00000, 0x000000008da00000| Untracked 
| 143|0x000000008db00000, 0x000000008db00000, 0x000000008dc00000|  0%| F|  |TAMS 0x000000008db00000, 0x000000008db00000| Untracked 
| 144|0x000000008dc00000, 0x000000008dc00000, 0x000000008dd00000|  0%| F|  |TAMS 0x000000008dc00000, 0x000000008dc00000| Untracked 
| 145|0x000000008dd00000, 0x000000008dd00000, 0x000000008de00000|  0%| F|  |TAMS 0x000000008dd00000, 0x000000008dd00000| Untracked 
| 146|0x000000008de00000, 0x000000008de00000, 0x000000008df00000|  0%| F|  |TAMS 0x000000008de00000, 0x000000008de00000| Untracked 
| 147|0x000000008df00000, 0x000000008df00000, 0x000000008e000000|  0%| F|  |TAMS 0x000000008df00000, 0x000000008df00000| Untracked 
| 148|0x000000008e000000, 0x000000008e000000, 0x000000008e100000|  0%| F|  |TAMS 0x000000008e000000, 0x000000008e000000| Untracked 
| 149|0x000000008e100000, 0x000000008e100000, 0x000000008e200000|  0%| F|  |TAMS 0x000000008e100000, 0x000000008e100000| Untracked 
| 150|0x000000008e200000, 0x000000008e200000, 0x000000008e300000|  0%| F|  |TAMS 0x000000008e200000, 0x000000008e200000| Untracked 
| 151|0x000000008e300000, 0x000000008e300000, 0x000000008e400000|  0%| F|  |TAMS 0x000000008e300000, 0x000000008e300000| Untracked 
| 152|0x000000008e400000, 0x000000008e400000, 0x000000008e500000|  0%| F|  |TAMS 0x000000008e400000, 0x000000008e400000| Untracked 
| 153|0x000000008e500000, 0x000000008e500000, 0x000000008e600000|  0%| F|  |TAMS 0x000000008e500000, 0x000000008e500000| Untracked 
| 154|0x000000008e600000, 0x000000008e600000, 0x000000008e700000|  0%| F|  |TAMS 0x000000008e600000, 0x000000008e600000| Untracked 
| 155|0x000000008e700000, 0x000000008e700000, 0x000000008e800000|  0%| F|  |TAMS 0x000000008e700000, 0x000000008e700000| Untracked 
| 156|0x000000008e800000, 0x000000008e800000, 0x000000008e900000|  0%| F|  |TAMS 0x000000008e800000, 0x000000008e800000| Untracked 
| 157|0x000000008e900000, 0x000000008e900000, 0x000000008ea00000|  0%| F|  |TAMS 0x000000008e900000, 0x000000008e900000| Untracked 
| 158|0x000000008ea00000, 0x000000008ea00000, 0x000000008eb00000|  0%| F|  |TAMS 0x000000008ea00000, 0x000000008ea00000| Untracked 
| 159|0x000000008eb00000, 0x000000008eb00000, 0x000000008ec00000|  0%| F|  |TAMS 0x000000008eb00000, 0x000000008eb00000| Untracked 
| 160|0x000000008ec00000, 0x000000008ec00000, 0x000000008ed00000|  0%| F|  |TAMS 0x000000008ec00000, 0x000000008ec00000| Untracked 
| 161|0x000000008ed00000, 0x000000008ed00000, 0x000000008ee00000|  0%| F|  |TAMS 0x000000008ed00000, 0x000000008ed00000| Untracked 
| 162|0x000000008ee00000, 0x000000008ee00000, 0x000000008ef00000|  0%| F|  |TAMS 0x000000008ee00000, 0x000000008ee00000| Untracked 
| 163|0x000000008ef00000, 0x000000008ef00000, 0x000000008f000000|  0%| F|  |TAMS 0x000000008ef00000, 0x000000008ef00000| Untracked 
| 164|0x000000008f000000, 0x000000008f000000, 0x000000008f100000|  0%| F|  |TAMS 0x000000008f000000, 0x000000008f000000| Untracked 
| 165|0x000000008f100000, 0x000000008f100000, 0x000000008f200000|  0%| F|  |TAMS 0x000000008f100000, 0x000000008f100000| Untracked 
| 166|0x000000008f200000, 0x000000008f200000, 0x000000008f300000|  0%| F|  |TAMS 0x000000008f200000, 0x000000008f200000| Untracked 
| 167|0x000000008f300000, 0x000000008f300000, 0x000000008f400000|  0%| F|  |TAMS 0x000000008f300000, 0x000000008f300000| Untracked 
| 168|0x000000008f400000, 0x000000008f400000, 0x000000008f500000|  0%| F|  |TAMS 0x000000008f400000, 0x000000008f400000| Untracked 
| 169|0x000000008f500000, 0x000000008f500000, 0x000000008f600000|  0%| F|  |TAMS 0x000000008f500000, 0x000000008f500000| Untracked 
| 170|0x000000008f600000, 0x000000008f600000, 0x000000008f700000|  0%| F|  |TAMS 0x000000008f600000, 0x000000008f600000| Untracked 
| 171|0x000000008f700000, 0x000000008f700000, 0x000000008f800000|  0%| F|  |TAMS 0x000000008f700000, 0x000000008f700000| Untracked 
| 172|0x000000008f800000, 0x000000008f800000, 0x000000008f900000|  0%| F|  |TAMS 0x000000008f800000, 0x000000008f800000| Untracked 
| 173|0x000000008f900000, 0x000000008f900000, 0x000000008fa00000|  0%| F|  |TAMS 0x000000008f900000, 0x000000008f900000| Untracked 
| 174|0x000000008fa00000, 0x000000008fa00000, 0x000000008fb00000|  0%| F|  |TAMS 0x000000008fa00000, 0x000000008fa00000| Untracked 
| 175|0x000000008fb00000, 0x000000008fb00000, 0x000000008fc00000|  0%| F|  |TAMS 0x000000008fb00000, 0x000000008fb00000| Untracked 
| 176|0x000000008fc00000, 0x000000008fc00000, 0x000000008fd00000|  0%| F|  |TAMS 0x000000008fc00000, 0x000000008fc00000| Untracked 
| 177|0x000000008fd00000, 0x000000008fd00000, 0x000000008fe00000|  0%| F|  |TAMS 0x000000008fd00000, 0x000000008fd00000| Untracked 
| 178|0x000000008fe00000, 0x000000008fe00000, 0x000000008ff00000|  0%| F|  |TAMS 0x000000008fe00000, 0x000000008fe00000| Untracked 
| 179|0x000000008ff00000, 0x000000008ff00000, 0x0000000090000000|  0%| F|  |TAMS 0x000000008ff00000, 0x000000008ff00000| Untracked 
| 180|0x0000000090000000, 0x0000000090000000, 0x0000000090100000|  0%| F|  |TAMS 0x0000000090000000, 0x0000000090000000| Untracked 
| 181|0x0000000090100000, 0x0000000090100000, 0x0000000090200000|  0%| F|  |TAMS 0x0000000090100000, 0x0000000090100000| Untracked 
| 182|0x0000000090200000, 0x000000009023c2c8, 0x0000000090300000| 23%| S|CS|TAMS 0x0000000090200000, 0x0000000090200000| Complete 
| 183|0x0000000090300000, 0x0000000090400000, 0x0000000090400000|100%| S|CS|TAMS 0x0000000090300000, 0x0000000090300000| Complete 
| 184|0x0000000090400000, 0x0000000090500000, 0x0000000090500000|100%| E|  |TAMS 0x0000000090400000, 0x0000000090400000| Complete 
| 185|0x0000000090500000, 0x0000000090600000, 0x0000000090600000|100%| E|CS|TAMS 0x0000000090500000, 0x0000000090500000| Complete 
| 186|0x0000000090600000, 0x0000000090700000, 0x0000000090700000|100%| E|CS|TAMS 0x0000000090600000, 0x0000000090600000| Complete 
| 187|0x0000000090700000, 0x0000000090800000, 0x0000000090800000|100%| E|CS|TAMS 0x0000000090700000, 0x0000000090700000| Complete 
| 188|0x0000000090800000, 0x0000000090900000, 0x0000000090900000|100%| E|CS|TAMS 0x0000000090800000, 0x0000000090800000| Complete 
| 189|0x0000000090900000, 0x0000000090a00000, 0x0000000090a00000|100%| E|CS|TAMS 0x0000000090900000, 0x0000000090900000| Complete 
| 190|0x0000000090a00000, 0x0000000090b00000, 0x0000000090b00000|100%| E|CS|TAMS 0x0000000090a00000, 0x0000000090a00000| Complete 
| 191|0x0000000090b00000, 0x0000000090c00000, 0x0000000090c00000|100%| E|CS|TAMS 0x0000000090b00000, 0x0000000090b00000| Complete 
| 192|0x0000000090c00000, 0x0000000090d00000, 0x0000000090d00000|100%| E|CS|TAMS 0x0000000090c00000, 0x0000000090c00000| Complete 
| 193|0x0000000090d00000, 0x0000000090e00000, 0x0000000090e00000|100%| E|CS|TAMS 0x0000000090d00000, 0x0000000090d00000| Complete 
| 194|0x0000000090e00000, 0x0000000090f00000, 0x0000000090f00000|100%| E|CS|TAMS 0x0000000090e00000, 0x0000000090e00000| Complete 
| 195|0x0000000090f00000, 0x0000000091000000, 0x0000000091000000|100%| E|CS|TAMS 0x0000000090f00000, 0x0000000090f00000| Complete 

Card table byte_map: [0x0000029b5d000000,0x0000029b5d3e0000] _byte_map_base: 0x0000029b5cbda000

Marking Bits (Prev, Next): (CMBitMap*) 0x0000029b4525ea20, (CMBitMap*) 0x0000029b4525e9e8
 Prev Bits: [0x0000029b5f690000, 0x0000029b61560000)
 Next Bits: [0x0000029b5d7c0000, 0x0000029b5f690000)

Polling page: 0x0000029b43880000

Metaspace:

Usage:
  Non-class:     53.34 MB capacity,    52.85 MB (>99%) used,   398.09 KB ( <1%) free+waste,   100.44 KB ( <1%) overhead. 
      Class:      7.05 MB capacity,     6.75 MB ( 96%) used,   267.04 KB (  4%) free+waste,    44.44 KB ( <1%) overhead. 
       Both:     60.39 MB capacity,    59.60 MB ( 99%) used,   665.13 KB (  1%) free+waste,   144.88 KB ( <1%) overhead. 

Virtual space:
  Non-class space:       54.00 MB reserved,      53.59 MB (>99%) committed 
      Class space:        1.00 GB reserved,       7.12 MB ( <1%) committed 
             Both:        1.05 GB reserved,      60.71 MB (  6%) committed 

Chunk freelists:
   Non-Class:  7.50 KB
       Class:  1.38 KB
        Both:  8.88 KB

CodeHeap 'non-profiled nmethods': size=120064Kb used=3462Kb max_used=3462Kb free=116601Kb
 bounds [0x0000029b550b0000, 0x0000029b55420000, 0x0000029b5c5f0000]
CodeHeap 'profiled nmethods': size=120000Kb used=18602Kb max_used=18602Kb free=101398Kb
 bounds [0x0000029b4db80000, 0x0000029b4edb0000, 0x0000029b550b0000]
CodeHeap 'non-nmethods': size=5696Kb used=1229Kb max_used=1302Kb free=4466Kb
 bounds [0x0000029b4d5f0000, 0x0000029b4d860000, 0x0000029b4db80000]
 total_blobs=9351 nmethods=7339 adapters=498
 compilation: enabled
              stopped_count=0, restarted_count=0
 full_count=0

Compilation events (10 events):
Event: 16.261 Thread 0x0000029b63b7f800 7430       3       org.jetbrains.kotlin.resolve.descriptorUtil.AnnotationsForResolveKt::getNO_INFER_ANNOTATION_FQ_NAME (4 bytes)
Event: 16.261 Thread 0x0000029b63b7f800 nmethod 7430 0x0000029b4eda7e10 code [0x0000029b4eda7fc0, 0x0000029b4eda8118]
Event: 16.261 Thread 0x0000029b63b7f800 7424       3       org.jetbrains.kotlin.com.intellij.psi.impl.source.tree.AstBufferUtil$BufferVisitor::isIgnored (41 bytes)
Event: 16.261 Thread 0x0000029b63b7f800 nmethod 7424 0x0000029b4eda8190 code [0x0000029b4eda8360, 0x0000029b4eda88f8]
Event: 16.261 Thread 0x0000029b63b7f800 7421       3       org.jetbrains.kotlin.resolve.calls.tower.MemberScopeTowerLevel::<init> (53 bytes)
Event: 16.263 Thread 0x0000029b63b7f800 nmethod 7421 0x0000029b4eda8990 code [0x0000029b4eda8d00, 0x0000029b4edaa1b0]
Event: 16.263 Thread 0x0000029b63b7f800 7426       1       org.jetbrains.kotlin.resolve.calls.inference.components.EmptySubstitutor::isEmpty (2 bytes)
Event: 16.263 Thread 0x0000029b63b7f800 nmethod 7426 0x0000029b55411410 code [0x0000029b554115c0, 0x0000029b554116d8]
Event: 16.264 Thread 0x0000029b63b7f800 7419       1       org.jetbrains.kotlin.resolve.constants.evaluate.ConstantExpressionEvaluator::getInlineConstTracker$frontend (5 bytes)
Event: 16.264 Thread 0x0000029b63b7f800 nmethod 7419 0x0000029b55411790 code [0x0000029b55411940, 0x0000029b55411a58]

GC Heap History (10 events):
Event: 8.930 GC heap before
{Heap before GC invocations=7 (full 0):
 garbage-first heap   total 166912K, used 86016K [0x0000000084c00000, 0x0000000100000000)
  region size 1024K, 40 young (40960K), 5 survivors (5120K)
 Metaspace       used 42180K, capacity 42741K, committed 42960K, reserved 1087488K
  class space    used 5019K, capacity 5248K, committed 5372K, reserved 1048576K
}
Event: 8.956 GC heap after
{Heap after GC invocations=8 (full 0):
 garbage-first heap   total 166912K, used 55920K [0x0000000084c00000, 0x0000000100000000)
  region size 1024K, 5 young (5120K), 5 survivors (5120K)
 Metaspace       used 42180K, capacity 42741K, committed 42960K, reserved 1087488K
  class space    used 5019K, capacity 5248K, committed 5372K, reserved 1048576K
}
Event: 10.747 GC heap before
{Heap before GC invocations=8 (full 0):
 garbage-first heap   total 166912K, used 102000K [0x0000000084c00000, 0x0000000100000000)
  region size 1024K, 49 young (50176K), 5 survivors (5120K)
 Metaspace       used 50084K, capacity 50721K, committed 50896K, reserved 1093632K
  class space    used 5837K, capacity 6071K, committed 6140K, reserved 1048576K
}
Event: 10.770 GC heap after
{Heap after GC invocations=9 (full 0):
 garbage-first heap   total 166912K, used 60931K [0x0000000084c00000, 0x0000000100000000)
  region size 1024K, 5 young (5120K), 5 survivors (5120K)
 Metaspace       used 50084K, capacity 50721K, committed 50896K, reserved 1093632K
  class space    used 5837K, capacity 6071K, committed 6140K, reserved 1048576K
}
Event: 11.978 GC heap before
{Heap before GC invocations=9 (full 0):
 garbage-first heap   total 166912K, used 107011K [0x0000000084c00000, 0x0000000100000000)
  region size 1024K, 50 young (51200K), 5 survivors (5120K)
 Metaspace       used 55342K, capacity 56031K, committed 56144K, reserved 1099776K
  class space    used 6448K, capacity 6749K, committed 6780K, reserved 1048576K
}
Event: 11.996 GC heap after
{Heap after GC invocations=10 (full 0):
 garbage-first heap   total 166912K, used 62946K [0x0000000084c00000, 0x0000000100000000)
  region size 1024K, 3 young (3072K), 3 survivors (3072K)
 Metaspace       used 55342K, capacity 56031K, committed 56144K, reserved 1099776K
  class space    used 6448K, capacity 6749K, committed 6780K, reserved 1048576K
}
Event: 14.377 GC heap before
{Heap before GC invocations=10 (full 0):
 garbage-first heap   total 166912K, used 111074K [0x0000000084c00000, 0x0000000100000000)
  region size 1024K, 50 young (51200K), 3 survivors (3072K)
 Metaspace       used 58511K, capacity 59256K, committed 59472K, reserved 1101824K
  class space    used 6639K, capacity 6940K, committed 7036K, reserved 1048576K
}
Event: 14.414 GC heap after
{Heap after GC invocations=11 (full 0):
 garbage-first heap   total 200704K, used 70921K [0x0000000084c00000, 0x0000000100000000)
  region size 1024K, 7 young (7168K), 7 survivors (7168K)
 Metaspace       used 58511K, capacity 59256K, committed 59472K, reserved 1101824K
  class space    used 6639K, capacity 6940K, committed 7036K, reserved 1048576K
}
Event: 14.991 GC heap before
{Heap before GC invocations=11 (full 0):
 garbage-first heap   total 200704K, used 82185K [0x0000000084c00000, 0x0000000100000000)
  region size 1024K, 19 young (19456K), 7 survivors (7168K)
 Metaspace       used 59695K, capacity 60417K, committed 60508K, reserved 1103872K
  class space    used 6789K, capacity 7113K, committed 7164K, reserved 1048576K
}
Event: 15.034 GC heap after
{Heap after GC invocations=12 (full 0):
 garbage-first heap   total 200704K, used 72067K [0x0000000084c00000, 0x0000000100000000)
  region size 1024K, 2 young (2048K), 2 survivors (2048K)
 Metaspace       used 59695K, capacity 60417K, committed 60508K, reserved 1103872K
  class space    used 6789K, capacity 7113K, committed 7164K, reserved 1048576K
}

Deoptimization events (10 events):
Event: 14.980 Thread 0x0000029b45223800 Uncommon trap: reason=class_check action=maybe_recompile pc=0x0000029b550fc108 method=java.util.concurrent.ConcurrentHashMap.putVal(Ljava/lang/Object;Ljava/lang/Object;Z)Ljava/lang/Object; @ 242 c2
Event: 14.980 Thread 0x0000029b45223800 Uncommon trap: reason=class_check action=maybe_recompile pc=0x0000029b550fc108 method=java.util.concurrent.ConcurrentHashMap.putVal(Ljava/lang/Object;Ljava/lang/Object;Z)Ljava/lang/Object; @ 242 c2
Event: 15.040 Thread 0x0000029b45223800 Uncommon trap: reason=null_check action=make_not_entrant pc=0x0000029b5539a1dc method=org.jetbrains.kotlin.types.KotlinType.equals(Ljava/lang/Object;)Z @ 8 c2
Event: 15.125 Thread 0x0000029b45223800 Uncommon trap: reason=null_check action=make_not_entrant pc=0x0000029b553bb924 method=org.jetbrains.kotlin.builtins.KotlinBuiltIns.isTypeConstructorForGivenClass(Lorg/jetbrains/kotlin/types/TypeConstructor;Lorg/jetbrains/kotlin/name/FqNameUnsafe;)Z @ 26 c
Event: 15.465 Thread 0x0000029b45223800 Uncommon trap: reason=speculate_class_check action=maybe_recompile pc=0x0000029b553d1c50 method=org.jetbrains.kotlin.types.checker.ClassicTypeSystemContext$DefaultImpls.asSimpleType(Lorg/jetbrains/kotlin/types/checker/ClassicTypeSystemContext;Lorg/jetbrai
Event: 15.465 Thread 0x0000029b45223800 Uncommon trap: reason=speculate_class_check action=maybe_recompile pc=0x0000029b553d1c50 method=org.jetbrains.kotlin.types.checker.ClassicTypeSystemContext$DefaultImpls.asSimpleType(Lorg/jetbrains/kotlin/types/checker/ClassicTypeSystemContext;Lorg/jetbrai
Event: 15.466 Thread 0x0000029b45223800 Uncommon trap: reason=speculate_class_check action=maybe_recompile pc=0x0000029b553d1c50 method=org.jetbrains.kotlin.types.checker.ClassicTypeSystemContext$DefaultImpls.asSimpleType(Lorg/jetbrains/kotlin/types/checker/ClassicTypeSystemContext;Lorg/jetbrai
Event: 15.466 Thread 0x0000029b45223800 Uncommon trap: reason=speculate_class_check action=maybe_recompile pc=0x0000029b553d1c50 method=org.jetbrains.kotlin.types.checker.ClassicTypeSystemContext$DefaultImpls.asSimpleType(Lorg/jetbrains/kotlin/types/checker/ClassicTypeSystemContext;Lorg/jetbrai
Event: 15.573 Thread 0x0000029b45223800 Uncommon trap: reason=unstable_if action=reinterpret pc=0x0000029b5535a050 method=java.util.concurrent.ConcurrentHashMap.get(Ljava/lang/Object;)Ljava/lang/Object; @ 152 c2
Event: 15.573 Thread 0x0000029b45223800 Uncommon trap: reason=unstable_if action=reinterpret pc=0x0000029b552549b0 method=java.util.concurrent.ConcurrentHashMap.get(Ljava/lang/Object;)Ljava/lang/Object; @ 152 c2

Classes redefined (0 events):
No events

Internal exceptions (10 events):
Event: 12.244 Thread 0x0000029b45223800 Exception <a 'java/lang/NoSuchMethodError'{0x000000008e87b680}: java.lang.invoke.Invokers$Holder.linkToTargetMethod(Ljava/lang/Object;Ljava/lang/Object;Ljava/lang/Object;Ljava/lang/Object;Ljava/lang/Object;Ljava/lang/Object;Ljava/lang/Object;Ljava/lang/Ob
Event: 12.974 Thread 0x0000029b45223800 Exception <a 'java/lang/NoSuchMethodError'{0x000000008db7dc28}: java.lang.invoke.DirectMethodHandle$Holder.invokeStaticInit(Ljava/lang/Object;Ljava/lang/Object;Ljava/lang/Object;)Ljava/lang/Object;> (0x000000008db7dc28) thrown at [t:/workspace/open/src/ho
Event: 12.988 Thread 0x0000029b45223800 Exception <a 'java/lang/NoSuchMethodError'{0x000000008dbb33b8}: java.lang.invoke.DirectMethodHandle$Holder.invokeStatic(Ljava/lang/Object;ILjava/lang/Object;Ljava/lang/Object;)Ljava/lang/Object;> (0x000000008dbb33b8) thrown at [t:/workspace/open/src/hotsp
Event: 12.991 Thread 0x0000029b45223800 Exception <a 'java/lang/NoSuchMethodError'{0x000000008dbbdd28}: java.lang.invoke.DirectMethodHandle$Holder.invokeInterface(Ljava/lang/Object;Ljava/lang/Object;)I> (0x000000008dbbdd28) thrown at [t:/workspace/open/src/hotspot/share/interpreter/linkResolver
Event: 12.997 Thread 0x0000029b45223800 Implicit null exception at 0x0000029b55154575 to 0x0000029b5515473a
Event: 12.997 Thread 0x0000029b45223800 Implicit null exception at 0x0000029b5513b82f to 0x0000029b5513b89d
Event: 14.585 Thread 0x0000029b45223800 Exception <a 'java/lang/NoSuchMethodError'{0x0000000090a7f9e0}: java.lang.invoke.Invokers$Holder.linkToTargetMethod(Ljava/lang/Object;Ljava/lang/Object;Ljava/lang/Object;Ljava/lang/Object;Ljava/lang/Object;Ljava/lang/Object;)Ljava/lang/Object;> (0x0000000
Event: 14.673 Thread 0x0000029b45223800 Implicit null exception at 0x0000029b551196de to 0x0000029b55119e60
Event: 15.040 Thread 0x0000029b45223800 Implicit null exception at 0x0000029b553953df to 0x0000029b5539a1d2
Event: 15.125 Thread 0x0000029b45223800 Implicit null exception at 0x0000029b553ba15d to 0x0000029b553bb912

Events (10 events):
Event: 16.264 loading class javaslang/collection/HashArrayMappedTrieModule$LeafNode
Event: 16.264 loading class javaslang/collection/HashArrayMappedTrieModule$LeafNode done
Event: 16.265 loading class org/jetbrains/kotlin/contracts/model/functors/OrFunctor
Event: 16.265 loading class org/jetbrains/kotlin/contracts/model/functors/OrFunctor done
Event: 16.265 loading class org/jetbrains/kotlin/contracts/model/functors/AbstractBinaryFunctor
Event: 16.265 loading class org/jetbrains/kotlin/contracts/model/functors/AbstractBinaryFunctor done
Event: 16.267 loading class org/jetbrains/kotlin/contracts/model/functors/OrFunctor$invokeWithReturningEffects$conditionWhenTrue$1
Event: 16.267 loading class org/jetbrains/kotlin/contracts/model/functors/OrFunctor$invokeWithReturningEffects$conditionWhenTrue$1 done
Event: 16.267 loading class org/jetbrains/kotlin/contracts/model/functors/FunctorsUtilsKt
Event: 16.267 loading class org/jetbrains/kotlin/contracts/model/functors/FunctorsUtilsKt done


Dynamic libraries:
0x00007ff7e57d0000 - 0x00007ff7e5815000 	C:\Users\pc\AppData\Local\jdk-11.0.2\bin\java.exe
0x00007ffa22e70000 - 0x00007ffa23068000 	C:\WINDOWS\SYSTEM32\ntdll.dll
0x00007ffa22010000 - 0x00007ffa220cd000 	C:\WINDOWS\System32\KERNEL32.DLL
0x00007ffa20bb0000 - 0x00007ffa20ea6000 	C:\WINDOWS\System32\KERNELBASE.dll
0x00007ffa21390000 - 0x00007ffa2152e000 	C:\WINDOWS\System32\USER32.dll
0x00007ffa20740000 - 0x00007ffa20762000 	C:\WINDOWS\System32\win32u.dll
0x00007ffa21f10000 - 0x00007ffa21f3c000 	C:\WINDOWS\System32\GDI32.dll
0x00007ffa20900000 - 0x00007ffa20a1a000 	C:\WINDOWS\System32\gdi32full.dll
0x00007ffa205a0000 - 0x00007ffa2063d000 	C:\WINDOWS\System32\msvcp_win.dll
0x00007ffa20640000 - 0x00007ffa20740000 	C:\WINDOWS\System32\ucrtbase.dll
0x00007ffa1f940000 - 0x00007ffa1fbda000 	C:\WINDOWS\WinSxS\amd64_microsoft.windows.common-controls_6595b64144ccf1df_6.0.19041.3636_none_60b6a03d71f818d5\COMCTL32.dll
0x00007ffa22640000 - 0x00007ffa226de000 	C:\WINDOWS\System32\msvcrt.dll
0x00007ffa21600000 - 0x00007ffa21630000 	C:\WINDOWS\System32\IMM32.DLL
0x00007ffa18e60000 - 0x00007ffa18e76000 	C:\Users\pc\AppData\Local\jdk-11.0.2\bin\vcruntime140.dll
0x00007ff9ee990000 - 0x00007ff9eea3a000 	C:\Users\pc\AppData\Local\jdk-11.0.2\bin\msvcp140.dll
0x00007ff9e0140000 - 0x00007ff9e0c63000 	C:\Users\pc\AppData\Local\jdk-11.0.2\bin\server\jvm.dll
0x00007ffa22580000 - 0x00007ffa22633000 	C:\WINDOWS\System32\ADVAPI32.dll
0x00007ffa21d20000 - 0x00007ffa21dbf000 	C:\WINDOWS\System32\sechost.dll
0x00007ffa22450000 - 0x00007ffa22576000 	C:\WINDOWS\System32\RPCRT4.dll
0x00007ffa208d0000 - 0x00007ffa208f7000 	C:\WINDOWS\System32\bcrypt.dll
0x00007ffa216b0000 - 0x00007ffa216b8000 	C:\WINDOWS\System32\PSAPI.DLL
0x00007ffa0cb90000 - 0x00007ffa0cbb7000 	C:\WINDOWS\SYSTEM32\WINMM.dll
0x00007ffa1d820000 - 0x00007ffa1d829000 	C:\WINDOWS\SYSTEM32\WSOCK32.dll
0x00007ffa0dc80000 - 0x00007ffa0dc8a000 	C:\WINDOWS\SYSTEM32\VERSION.dll
0x00007ffa21e40000 - 0x00007ffa21eab000 	C:\WINDOWS\System32\WS2_32.dll
0x00007ffa1dda0000 - 0x00007ffa1ddb2000 	C:\WINDOWS\SYSTEM32\kernel.appcore.dll
0x00007ffa121c0000 - 0x00007ffa121d1000 	C:\Users\pc\AppData\Local\jdk-11.0.2\bin\verify.dll
0x00007ffa1ff30000 - 0x00007ffa20114000 	C:\WINDOWS\SYSTEM32\DBGHELP.DLL
0x00007ffa1fe30000 - 0x00007ffa1fe64000 	C:\WINDOWS\SYSTEM32\dbgcore.DLL
0x00007ffa20a20000 - 0x00007ffa20aa2000 	C:\WINDOWS\System32\bcryptPrimitives.dll
0x00007ffa12190000 - 0x00007ffa121b8000 	C:\Users\pc\AppData\Local\jdk-11.0.2\bin\java.dll
0x00007ffa0f6a0000 - 0x00007ffa0f6b6000 	C:\Users\pc\AppData\Local\jdk-11.0.2\bin\zip.dll
0x00007ffa18ff0000 - 0x00007ffa18ffa000 	C:\Users\pc\AppData\Local\jdk-11.0.2\bin\jimage.dll
0x00007ffa226e0000 - 0x00007ffa22e25000 	C:\WINDOWS\System32\SHELL32.dll
0x00007ffa1dfa0000 - 0x00007ffa1e73b000 	C:\WINDOWS\SYSTEM32\windows.storage.dll
0x00007ffa217e0000 - 0x00007ffa21b34000 	C:\WINDOWS\System32\combase.dll
0x00007ffa1f670000 - 0x00007ffa1f69d000 	C:\WINDOWS\SYSTEM32\Wldp.dll
0x00007ffa21c70000 - 0x00007ffa21d1d000 	C:\WINDOWS\System32\SHCORE.dll
0x00007ffa21eb0000 - 0x00007ffa21f05000 	C:\WINDOWS\System32\shlwapi.dll
0x00007ffa204d0000 - 0x00007ffa204f5000 	C:\WINDOWS\SYSTEM32\profapi.dll
0x00007ffa0f680000 - 0x00007ffa0f699000 	C:\Users\pc\AppData\Local\jdk-11.0.2\bin\net.dll
0x00007ffa14660000 - 0x00007ffa1484d000 	C:\WINDOWS\SYSTEM32\urlmon.dll
0x00007ffa17480000 - 0x00007ffa1758a000 	C:\WINDOWS\SYSTEM32\WINHTTP.dll
0x00007ffa14aa0000 - 0x00007ffa14d5c000 	C:\WINDOWS\SYSTEM32\iertutil.dll
0x00007ffa14630000 - 0x00007ffa14658000 	C:\WINDOWS\SYSTEM32\srvcli.dll
0x00007ffa1f6a0000 - 0x00007ffa1f6ac000 	C:\WINDOWS\SYSTEM32\netutils.dll
0x00007ffa1f6c0000 - 0x00007ffa1f72a000 	C:\WINDOWS\system32\mswsock.dll
0x00007ff9f9e30000 - 0x00007ff9f9e43000 	C:\Users\pc\AppData\Local\jdk-11.0.2\bin\nio.dll

dbghelp: loaded successfully - version: 4.0.5 - missing functions: none
symbol engine: initialized successfully - sym options: 0x614 - pdb path: .;C:\Users\pc\AppData\Local\jdk-11.0.2\bin;C:\WINDOWS\SYSTEM32;C:\WINDOWS\WinSxS\amd64_microsoft.windows.common-controls_6595b64144ccf1df_6.0.19041.3636_none_60b6a03d71f818d5;C:\Users\pc\AppData\Local\jdk-11.0.2\bin\server

VM Arguments:
java_command: org.jetbrains.kotlin.cli.jvm.K2JVMCompiler @E:\DEV\BEONE\logicRdv_reactnative\node_modules\@react-native\gradle-plugin\build\20240211_11969614663680026180.compiler.options
java_class_path (initial): C:\Users\pc\.gradle\caches\modules-2\files-2.1\org.jetbrains.kotlin\kotlin-compiler-embeddable\1.8.0\eb9118d4bcceaa2a94b2ae2a33a4ddba7c9a947f\kotlin-compiler-embeddable-1.8.0.jar;C:\Users\pc\.gradle\caches\modules-2\files-2.1\org.jetbrains.kotlin\kotlin-stdlib\1.8.0\1796921c7a3e2e2665a83e6c8d33399336cd39bc\kotlin-stdlib-1.8.0.jar;C:\Users\pc\.gradle\caches\modules-2\files-2.1\org.jetbrains.kotlin\kotlin-script-runtime\1.8.0\b2f7e760d283cb339974851c222a4c1d48f2d3d\kotlin-script-runtime-1.8.0.jar;C:\Users\pc\.gradle\caches\modules-2\files-2.1\org.jetbrains.kotlin\kotlin-reflect\1.6.10\1cbe9c92c12a94eea200d23c2bbaedaf3daf5132\kotlin-reflect-1.6.10.jar;C:\Users\pc\.gradle\caches\modules-2\files-2.1\org.jetbrains.kotlin\kotlin-daemon-embeddable\1.8.0\d255216c551685dc3a7e852b53617f5f01aaaa5c\kotlin-daemon-embeddable-1.8.0.jar;C:\Users\pc\.gradle\caches\modules-2\files-2.1\org.jetbrains.intellij.deps\trove4j\1.0.20200330\3afb14d5f9ceb459d724e907a21145e8ff394f02\trove4j-1.0.20200330.jar;C:\Users\pc\.gradle\caches\modules-2\files-2.1\net.java.dev.jna\jna\5.6.0\330f2244e9030119ab3030fc3fededc86713d9cc\jna-5.6.0.jar;C:\Users\pc\.gradle\caches\modules-2\files-2.1\org.jetbrains.kotlin\kotlin-stdlib-common\1.8.0\f7197e7cc76453ac59f8b0f8d5137cc600becd36\kotlin-stdlib-common-1.8.0.jar;C:\Users\pc\.gradle\caches\modules-2\files-2.1\org.jetbrains\annotations\13.0\919f0dfe192fb4e063e7dacadee7f8bb9a2672a9\annotations-13.0.jar
Launcher Type: SUN_STANDARD

[Global flags]
     intx CICompilerCount                          = 3                                         {product} {ergonomic}
     uint ConcGCThreads                            = 1                                         {product} {ergonomic}
     uint G1ConcRefinementThreads                  = 4                                         {product} {ergonomic}
   size_t G1HeapRegionSize                         = 1048576                                   {product} {ergonomic}
    uintx GCDrainStackTargetSize                   = 64                                        {product} {ergonomic}
   size_t InitialHeapSize                          = 130023424                                 {product} {ergonomic}
   size_t MarkStackSize                            = 4194304                                   {product} {ergonomic}
   size_t MaxHeapSize                              = 2067791872                                {product} {ergonomic}
   size_t MaxNewSize                               = 1240465408                                {product} {ergonomic}
   size_t MinHeapDeltaBytes                        = 1048576                                   {product} {ergonomic}
    uintx NonNMethodCodeHeapSize                   = 5830092                                {pd product} {ergonomic}
    uintx NonProfiledCodeHeapSize                  = 122914074                              {pd product} {ergonomic}
    uintx ProfiledCodeHeapSize                     = 122914074                              {pd product} {ergonomic}
    uintx ReservedCodeCacheSize                    = 251658240                              {pd product} {ergonomic}
     bool SegmentedCodeCache                       = true                                      {product} {ergonomic}
     bool UseCompressedClassPointers               = true                                 {lp64_product} {ergonomic}
     bool UseCompressedOops                        = true                                 {lp64_product} {ergonomic}
     bool UseG1GC                                  = true                                      {product} {ergonomic}
     bool UseLargePagesIndividualAllocation        = false                                  {pd product} {ergonomic}

Logging:
Log output configuration:
 #0: stdout all=warning uptime,level,tags
 #1: stderr all=off uptime,level,tags

Environment Variables:
JAVA_HOME=C:\Users\pc\AppData\Local\jdk-11.0.2
CLASSPATH=E:\DEV\BEONE\logicRdv_reactnative\android\\gradle\wrapper\gradle-wrapper.jar
PATH=C:\Users\pc\AppData\Local\Temp\yarn--1707636319285-0.6893610443606073;E:\DEV\BEONE\logicRdv_reactnative\node_modules\.bin;C:\Users\pc\AppData\Local\Yarn\Data\link\node_modules\.bin;C:\Users\pc\AppData\Local\Yarn\bin;C:\Program Files\libexec\lib\node_modules\npm\bin\node-gyp-bin;C:\Program Files\lib\node_modules\npm\bin\node-gyp-bin;C:\Program Files\nodejs\node_modules\npm\bin\node-gyp-bin;C:\Program Files (x86)\Common Files\Oracle\Java\javapath;C:\WINDOWS\system32;C:\WINDOWS;C:\WINDOWS\System32\Wbem;C:\WINDOWS\System32\WindowsPowerShell\v1.0\;C:\Program Files\Git\cmd;C:\Users\pc\AppData\Roaming\nvm;C:\Program Files\nodejs;C:\WINDOWS\System32\OpenSSH\;C:\Program Files\PuTTY\;C:\Program Files\Docker\Docker\resources\bin;C:\Program Files\Java\jdk-14;C:\Users\pc\AppData\Local\Android\Sdk;C:\Users\pc\AppData\Roaming\nvm;;C:\Program Files (x86)\PowerShell\7\;C:\Users\pc\AppData\Local\jdk-11.0.2\bin;C:\Python25;C:\Users\pc\AppData\Local\Programs\Microsoft VS Code\bin;C:\Users\pc\AppData\Roaming\nvm;C:\Program Files\nodejs;C:\Users\pc\AppData\Local\Microsoft\WindowsApps;C:\Program Files\heroku\bin;C:\Users\pc\AppData\Local\jdk-11.0.2;C:\flutter\bin;C:\gradle\bin;C:\Users\pc\AppData\Local\Android\Sdk;C:\Users\pc\AppData\Roaming\nvm;C:\sonar-scanner\bin;C:\Mongo\bin;
USERNAME=pc
OS=Windows_NT
PROCESSOR_IDENTIFIER=Intel64 Family 6 Model 61 Stepping 4, GenuineIntel



---------------  S Y S T E M  ---------------

OS: Windows 10 , 64 bit Build 19041 (10.0.19041.3636)

CPU:total 4 (initial active 4) (2 cores per cpu, 2 threads per core) family 6 model 61 stepping 4, cmov, cx8, fxsr, mmx, sse, sse2, sse3, ssse3, sse4.1, sse4.2, popcnt, avx, avx2, aes, clmul, erms, rtm, 3dnowpref, lzcnt, ht, tsc, tscinvbit, bmi1, bmi2, adx, fma

Memory: 4k page, system-wide physical 7887M (423M free)
TotalPageFile size 22364M (AvailPageFile size 4M)
current process WorkingSet (physical memory assigned to process): 345M, peak: 346M
current process commit charge ("private bytes"): 402M, peak: 404M

vm_info: OpenJDK 64-Bit Server VM (11.0.2+9) for windows-amd64 JRE (11.0.2+9), built on Jan 18 2019 05:23:22 by "mach5one" with MS VC++ 15.5 (VS2017)

END.
